# INFO: myopen: command line: ke -q ../bin/ged.mkr
# ERROR: command: can't open input file(string[10]) <kb/spo.mkr>

# context <at view = spo ;>

# INFO: ke: Loading mkr definition .....
# Internal ERROR: xmlns_init: can't open nsfile(string[18]) <xml/namespaces.txt>
# INFO: update_knit: tabula rasa context copied from spo
# ERROR: command: can't open input file(string[15]) <kb/tabrasa.html>
# ERROR: command: can't open input file(string[10]) <kb/ke.html>

# context <at view = tabula rasa ;>
# ERROR: command: can't open input file(string[14]) <kb/initial.mkr>
# can't classify <kb/initial.mkr>
# can't classify <kb/tabrasa.html>
# can't classify <OBJECT>
# can't classify <relation>
# can't classify <group>
# can't classify <differentia>
# can't classify <views>
# can't classify <xor>
# can't classify <question>
# can't classify <kb/spo.mkr>
# can't classify <context>
# can't classify <attribute>
# can't classify <kb/ke.html>
# can't classify <role>
# can't classify <isc**2>

# context <at view = test ;>
# INFO: update_knit: test context copied from tabula rasa
# Internal ERROR: get_word: empty string line(string[0]) <"">
# Internal ERROR: get_symbol(list/,=): unexpected type tok(null) <&null>

# context <at space = Internet/CNET download.com,time = 1997/5/28 {Dick McCullough 1936 do list od Knowledge Explorer 1.2 done;} ;>

# context <at space = MA/Cambridge,time = 1960 {Dick McCullough 1936 do receive od [SBEE,SMEE] from school = MIT done;} ;>

# context <at space = NY/Brooklyn,time = 1967 {Dick McCullough 1936 do receive od PhDEE from school = Polytechnic University done;} ;>

# context <at space = MA/Cambridge,time = 1960 {Bob McCullough 1938 do receive od SBEE from school = MIT done;} ;>

# context <at space = CA,time = 19xx {Bob McCullough 1938 do receive od PhDEE from school = Stanford University done;} ;>

# context <at space = NJ-IL-CA,time = 1960 {Dick McCullough 1936 do work_for od Bell Labs from time = 1960 to time = 1989 done;} ;>

# context <at space = CA/Pioneer,time = 1996 {Dick McCullough 1936 do work_for od self from time = 1996 to time = NA done;} ;>
# can't classify <kb/initial.mkr>
# can't classify <kb/tabrasa.html>
# can't classify <OBJECT>
# can't classify <relation>
# can't classify <group>
# can't classify <differentia>
# can't classify <views>
# can't classify <xor>
# can't classify <question>
# can't classify <kb/spo.mkr>
# can't classify <context>
# can't classify <attribute>
# can't classify <kb/ke.html>
# can't classify <role>
# can't classify <isc**2>
# production <echo := off ;>
# assignment <let echo = off;>
# INFO: write_person: cname(string[19]) <Bob McCullough 1938>
# INFO: write_person: birthname(string[23]) <Robert Burns McCullough>
# INFO: write_person: cname(string[15]) <Carl Cates 1927>
# INFO: write_person: birthname(string[2]) <[]>
# INFO: write_person: birthname(string[15]) <Carl Cates 1927>
# INFO: write_person: cname(string[20]) <Dick McCullough 1936>
# INFO: write_person: birthname(string[24]) <Richard Homer McCullough>
# INFO: write_person: cname(string[21]) <Homer McCullough 1907>
# INFO: write_person: birthname(string[2]) <[]>
# INFO: write_person: birthname(string[21]) <Homer McCullough 1907>
# INFO: write_person: cname(string[13]) <Jane Doe 1933>
# INFO: write_person: birthname(string[8]) <Jane Doe>
# INFO: write_person: cname(string[16]) <Kay Stecker 1910>
# INFO: write_person: birthname(string[2]) <[]>
# INFO: write_person: birthname(string[16]) <Kay Stecker 1910>
# INFO: write_person: cname(string[17]) <Pauline Neal 1934>
# INFO: write_person: birthname(string[19]) <Althea Pauline Neal>
# INFO: write_person: cname(string[17]) <Steven Cates 1955>
# INFO: write_person: birthname(string[19]) <Steven Virgil Cates>
##### 4 errors found in input before/after last group r_phone #####
#####  exit  #####
